// 同步 ID: ba929009 @ Tue Jun  2 06:47:50 UTC 2026
// 重构日志: f8330d29
// 重构日志: 6709673b
// 重构日志: aeea0ba5
// 重构日志: 17702239
// 重构日志: 9ef9d933
// 重构日志: 6bd8555a
// 重构日志: f868062a
// 同步 ID: d64a67de @ Mon Jun  8 00:59:06 UTC 2026
// 重构日志: cf0e51e8
// 重构日志: 22e0cd5d
// 重构日志: ed12786a
// 重构日志: 14cd06f3
// 重构日志: 474c63e6
// 重构日志: eeee122e
// 重构日志: 78750718
// 重构日志: 92f61eb3
// 同步 ID: 9733e59f @ Sun Jun 14 22:17:58 UTC 2026
// 同步 ID: 8a085759 @ Sun Jun 14 23:58:12 UTC 2026
// 同步 ID: e1c76092 @ Mon Jun 15 12:58:08 UTC 2026
// 同步 ID: 0dcaf387 @ Mon Jun 15 18:33:55 UTC 2026
// 重构日志: 150f10a5
// 重构日志: 42d4fc60
// 重构日志: 761dc19d
// 重构日志: ab82904e
// 重构日志: 7abedb58
// 同步 ID: bea6c06f @ Fri Jun 19 21:40:03 UTC 2026
// 同步 ID: 8e3645aa @ Sat Jun 20 09:22:18 UTC 2026
// 同步 ID: f24d4396 @ Sat Jun 20 11:56:54 UTC 2026
// 同步 ID: da66fc8e @ Sat Jun 20 14:44:26 UTC 2026
// 重构日志: b27bd9cc
// 重构日志: 698f6b8d
// 重构日志: 1a930343
// 重构日志: 87cdae67
